[debug] [2018-09-28T21:48:42.825Z] ----------------------------------------------------------------------
[debug] [2018-09-28T21:48:42.831Z] Command:       C:\Program Files\nodejs\node.exe C:\Users\Jonathan\AppData\Roaming\npm\node_modules\firebase-tools\bin\firebase serve
[debug] [2018-09-28T21:48:42.832Z] CLI Version:   4.2.1
[debug] [2018-09-28T21:48:42.832Z] Platform:      win32
[debug] [2018-09-28T21:48:42.832Z] Node Version:  v10.6.0
[debug] [2018-09-28T21:48:42.835Z] Time:          Fri Sep 28 2018 16:48:42 GMT-0500 (GMT-05:00)
[debug] [2018-09-28T21:48:42.835Z] ----------------------------------------------------------------------
[debug] 
[debug] [2018-09-28T21:48:42.867Z] > command requires scopes: ["email","openid","https://www.googleapis.com/auth/cloudplatformprojects.readonly","https://www.googleapis.com/auth/firebase","https://www.googleapis.com/auth/cloud-platform"]
[debug] [2018-09-28T21:48:42.870Z] > authorizing via signed-in user
[debug] [2018-09-28T21:48:42.876Z] >>> HTTP REQUEST GET https://admin.firebase.com/v1/projects/johncars-a3e44  
 
[debug] [2018-09-28T21:48:43.751Z] <<< HTTP RESPONSE 200
[debug] [2018-09-28T21:48:43.756Z] >>> HTTP REQUEST GET https://cloudresourcemanager.googleapis.com/v1/projects/johncars-a3e44  
 
[debug] [2018-09-28T21:48:44.256Z] <<< HTTP RESPONSE 200
[info] 
[info] === Serving from 'C:\Users\Jonathan\Developer\Paginas Web\Enmente\johncars.github.io'...
[info] 
[debug] [2018-09-28T21:48:44.276Z] >>> HTTP REQUEST GET https://mobilesdk-pa.googleapis.com/v1/projects/650756459368/clients/_:getWebAppConfig  
 
[debug] [2018-09-28T21:48:44.852Z] <<< HTTP RESPONSE 200
[info] i  hosting[johncars-a3e44]: Serving hosting files from: public
[info] +  hosting[johncars-a3e44]: Local server: http://localhost:5000
